<?xml version="1.0" encoding="UTF-8"?>
<!-- Generated by org.testng.reporters.JUnitReportReporter -->
<testsuite skipped="0" hostname="admin-PC" name="RestAsssuredExamples1.Customer_API" tests="2" failures="0" timestamp="27 Sep 2018 15:44:06 GMT" time="6.997" errors="0">
  <testcase name="Create_Customer" time="5.028" classname="RestAsssuredExamples1.Customer_API"/>
  <testcase name="retrieveCustomer" time="1.969" classname="RestAsssuredExamples1.Customer_API"/>
</testsuite> <!-- RestAsssuredExamples1.Customer_API -->
