<?xml version="1.0" encoding="UTF-8"?>
<!-- Generated by org.testng.reporters.JUnitReportReporter -->
<testsuite skipped="0" hostname="admin-PC" name="RestAsssuredExamples1.Customer_API" tests="2" failures="0" timestamp="23 Sep 2018 02:50:35 GMT" time="6.399" errors="0">
  <testcase name="Create_Customer" time="4.367" classname="RestAsssuredExamples1.Customer_API"/>
  <testcase name="delete_Customer" time="2.032" classname="RestAsssuredExamples1.Customer_API"/>
</testsuite> <!-- RestAsssuredExamples1.Customer_API -->
